Warning: file 'mem.vmh' for memory 'bram_memory' has a gap at addresses 1065 to 2047.
Warning: file 'mem.vmh' for memory 'bram_memory' has a gap at addresses 2051 to 1073741823.
Warning: file 'mem.vmh' for memory 'cache_cache_memory' has a gap at addresses 1065 to 2047.
Warning: file 'mem.vmh' for memory 'cache_cache_memory' has a gap at addresses 2051 to 67108863.
Warning: file 'mem.vmh' for memory 'icache_cache_memory' has a gap at addresses 1065 to 2047.
Warning: file 'mem.vmh' for memory 'icache_cache_memory' has a gap at addresses 2051 to 67108863.
Get IReqMem { byte_en: 'h0, addr: 'h00000000, data: 'h00000000 }
Get IResp Mem { byte_en: 'h0, addr: 'h00000000, data: 'h00000000 }'h00000093
Get IReqMem { byte_en: 'h0, addr: 'h00000004, data: 'h00000000 }
Get IResp Mem { byte_en: 'h0, addr: 'h00000004, data: 'h00000000 }'h00000113
Get IReqMem { byte_en: 'h0, addr: 'h00000008, data: 'h00000000 }
Get IResp Mem { byte_en: 'h0, addr: 'h00000008, data: 'h00000000 }'h00000193
Get IReqMem { byte_en: 'h0, addr: 'h0000000c, data: 'h00000000 }
Get IResp Mem { byte_en: 'h0, addr: 'h0000000c, data: 'h00000000 }'h00000213
Get IReqMem { byte_en: 'h0, addr: 'h00000010, data: 'h00000000 }
Get IResp Mem { byte_en: 'h0, addr: 'h00000010, data: 'h00000000 }'h00000293
Get IReqMem { byte_en: 'h0, addr: 'h00000014, data: 'h00000000 }
Get IResp Mem { byte_en: 'h0, addr: 'h00000014, data: 'h00000000 }'h00000313
Get IReqMem { byte_en: 'h0, addr: 'h00000018, data: 'h00000000 }
Get IResp Mem { byte_en: 'h0, addr: 'h00000018, data: 'h00000000 }'h00000393
Get IReqMem { byte_en: 'h0, addr: 'h0000001c, data: 'h00000000 }
Get IResp Mem { byte_en: 'h0, addr: 'h0000001c, data: 'h00000000 }'h00000413
Get IReqMem { byte_en: 'h0, addr: 'h00000020, data: 'h00000000 }
Get IResp Mem { byte_en: 'h0, addr: 'h00000020, data: 'h00000000 }'h00000493
Get IReqMem { byte_en: 'h0, addr: 'h00000024, data: 'h00000000 }
Get IResp Mem { byte_en: 'h0, addr: 'h00000024, data: 'h00000000 }'h00000513
Get IReqMem { byte_en: 'h0, addr: 'h00000028, data: 'h00000000 }
Get IResp Mem { byte_en: 'h0, addr: 'h00000028, data: 'h00000000 }'h00000593
Get IReqMem { byte_en: 'h0, addr: 'h0000002c, data: 'h00000000 }
Get IResp Mem { byte_en: 'h0, addr: 'h0000002c, data: 'h00000000 }'h00000613
Get IReqMem { byte_en: 'h0, addr: 'h00000030, data: 'h00000000 }
Get IResp Mem { byte_en: 'h0, addr: 'h00000030, data: 'h00000000 }'h00000693
Get IReqMem { byte_en: 'h0, addr: 'h00000034, data: 'h00000000 }
Get IResp Mem { byte_en: 'h0, addr: 'h00000034, data: 'h00000000 }'h00000713
Get IReqMem { byte_en: 'h0, addr: 'h00000038, data: 'h00000000 }
Get IResp Mem { byte_en: 'h0, addr: 'h00000038, data: 'h00000000 }'h00000793
Get IReqMem { byte_en: 'h0, addr: 'h0000003c, data: 'h00000000 }
Get IResp Mem { byte_en: 'h0, addr: 'h0000003c, data: 'h00000000 }'h00000813
Get IReqMem { byte_en: 'h0, addr: 'h00000040, data: 'h00000000 }
Get IResp Mem { byte_en: 'h0, addr: 'h00000040, data: 'h00000000 }'h00000893
Get IReqMem { byte_en: 'h0, addr: 'h00000044, data: 'h00000000 }
Get IResp Mem { byte_en: 'h0, addr: 'h00000044, data: 'h00000000 }'h00000913
Get IReqMem { byte_en: 'h0, addr: 'h00000048, data: 'h00000000 }
Get IResp Mem { byte_en: 'h0, addr: 'h00000048, data: 'h00000000 }'h00000993
Get IReqMem { byte_en: 'h0, addr: 'h0000004c, data: 'h00000000 }
Get IResp Mem { byte_en: 'h0, addr: 'h0000004c, data: 'h00000000 }'h00000a13
Get IReqMem { byte_en: 'h0, addr: 'h00000050, data: 'h00000000 }
Get IResp Mem { byte_en: 'h0, addr: 'h00000050, data: 'h00000000 }'h00000a93
Get IReqMem { byte_en: 'h0, addr: 'h00000054, data: 'h00000000 }
Get IResp Mem { byte_en: 'h0, addr: 'h00000054, data: 'h00000000 }'h00000b13
Get IReqMem { byte_en: 'h0, addr: 'h00000058, data: 'h00000000 }
Get IResp Mem { byte_en: 'h0, addr: 'h00000058, data: 'h00000000 }'h00000b93
Get IReqMem { byte_en: 'h0, addr: 'h0000005c, data: 'h00000000 }
Get IResp Mem { byte_en: 'h0, addr: 'h0000005c, data: 'h00000000 }'h00000c13
Get IReqMem { byte_en: 'h0, addr: 'h00000060, data: 'h00000000 }
Get IResp Mem { byte_en: 'h0, addr: 'h00000060, data: 'h00000000 }'h00000c93
Get IReqMem { byte_en: 'h0, addr: 'h00000064, data: 'h00000000 }
Get IResp Mem { byte_en: 'h0, addr: 'h00000064, data: 'h00000000 }'h00000d13
Get IReqMem { byte_en: 'h0, addr: 'h00000068, data: 'h00000000 }
Get IResp Mem { byte_en: 'h0, addr: 'h00000068, data: 'h00000000 }'h00000d93
Get IReqMem { byte_en: 'h0, addr: 'h0000006c, data: 'h00000000 }
Get IResp Mem { byte_en: 'h0, addr: 'h0000006c, data: 'h00000000 }'h00000e13
Get IReqMem { byte_en: 'h0, addr: 'h00000070, data: 'h00000000 }
Get IResp Mem { byte_en: 'h0, addr: 'h00000070, data: 'h00000000 }'h00000e93
Get IReqMem { byte_en: 'h0, addr: 'h00000074, data: 'h00000000 }
Get IResp Mem { byte_en: 'h0, addr: 'h00000074, data: 'h00000000 }'h00000f13
Get IReqMem { byte_en: 'h0, addr: 'h00000078, data: 'h00000000 }
Get IResp Mem { byte_en: 'h0, addr: 'h00000078, data: 'h00000000 }'h00000f93
Get IReqMem { byte_en: 'h0, addr: 'h0000007c, data: 'h00000000 }
Get IResp Mem { byte_en: 'h0, addr: 'h0000007c, data: 'h00000000 }'h10000137
Get IReqMem { byte_en: 'h0, addr: 'h00000080, data: 'h00000000 }
Get IResp Mem { byte_en: 'h0, addr: 'h00000080, data: 'h00000000 }'hff010113
Get IReqMem { byte_en: 'h0, addr: 'h00000084, data: 'h00000000 }
Get IResp Mem { byte_en: 'h0, addr: 'h00000084, data: 'h00000000 }'h018010ef
Get IReqMem { byte_en: 'h0, addr: 'h00000088, data: 'h00000000 }
Get IResp Mem { byte_en: 'h0, addr: 'h00000088, data: 'h00000000 }'h00000513
Get IReqMem { byte_en: 'h0, addr: 'h0000008c, data: 'h00000000 }
Get IResp Mem { byte_en: 'h0, addr: 'h0000008c, data: 'h00000000 }'h7d9000ef
Get IReqMem { byte_en: 'h0, addr: 'h0000109c, data: 'h00000000 }
Get IResp Mem { byte_en: 'h0, addr: 'h0000109c, data: 'h00000000 }'h00b00513
Get IReqMem { byte_en: 'h0, addr: 'h000010a0, data: 'h00000000 }
Get IResp Mem { byte_en: 'h0, addr: 'h000010a0, data: 'h00000000 }'h00008067
Get IReqMem { byte_en: 'h0, addr: 'h000010a4, data: 'h00000000 }
Get IResp Mem { byte_en: 'h0, addr: 'h000010a4, data: 'h00000000 }'haaaaaaaa
Get IReqMem { byte_en: 'h0, addr: 'h000010a8, data: 'h00000000 }
Get IResp Mem { byte_en: 'h0, addr: 'h000010a8, data: 'h00000000 }'haaaaaaaa
Get IReqMem { byte_en: 'h0, addr: 'h00000088, data: 'h00000000 }
Get IResp Mem { byte_en: 'h0, addr: 'h00000088, data: 'h00000000 }'h00000513
Get IReqMem { byte_en: 'h0, addr: 'h0000008c, data: 'h00000000 }
Get IResp Mem { byte_en: 'h0, addr: 'h0000008c, data: 'h00000000 }'h7d9000ef
Get IReqMem { byte_en: 'h0, addr: 'h00000090, data: 'h00000000 }
Get IResp Mem { byte_en: 'h0, addr: 'h00000090, data: 'h00000000 }'h0000006f
Get IReqMem { byte_en: 'h0, addr: 'h00000094, data: 'h00000000 }
Get IResp Mem { byte_en: 'h0, addr: 'h00000094, data: 'h00000000 }'h00000000
Get IReqMem { byte_en: 'h0, addr: 'h00001064, data: 'h00000000 }
Get IResp Mem { byte_en: 'h0, addr: 'h00001064, data: 'h00000000 }'hfe010113
Get IReqMem { byte_en: 'h0, addr: 'h00001068, data: 'h00000000 }
Get IResp Mem { byte_en: 'h0, addr: 'h00001068, data: 'h00000000 }'h00812e23
Get IReqMem { byte_en: 'h0, addr: 'h0000106c, data: 'h00000000 }
Get DReqMem { byte_en: 'hf, addr: 'h0fffffec, data: 'h00000000 }
Get IResp Mem { byte_en: 'h0, addr: 'h0000106c, data: 'h00000000 }'h02010413
Get IReqMem { byte_en: 'h0, addr: 'h00001070, data: 'h00000000 }
Get DResp Mem { byte_en: 'hf, addr: 'h0fffffec, data: 'h00000000 }'h00000000
Get IResp Mem { byte_en: 'h0, addr: 'h00001070, data: 'h00000000 }'hfea42623
Get IReqMem { byte_en: 'h0, addr: 'h00001074, data: 'h00000000 }
Get DReqMem { byte_en: 'hf, addr: 'h0fffffdc, data: 'h00000000 }
Get IResp Mem { byte_en: 'h0, addr: 'h00001074, data: 'h00000000 }'h00001797
Get IReqMem { byte_en: 'h0, addr: 'h00001078, data: 'h00000000 }
Get DResp Mem { byte_en: 'hf, addr: 'h0fffffdc, data: 'h00000000 }'h00000000
Get IResp Mem { byte_en: 'h0, addr: 'h00001078, data: 'h00000000 }'hf9478793
Get IReqMem { byte_en: 'h0, addr: 'h0000107c, data: 'h00000000 }
Get IResp Mem { byte_en: 'h0, addr: 'h0000107c, data: 'h00000000 }'h0007a783
Get IReqMem { byte_en: 'h0, addr: 'h00001080, data: 'h00000000 }
Get DReqMem { byte_en: 'h0, addr: 'h00002008, data: 'h00000000 }
Get IResp Mem { byte_en: 'h0, addr: 'h00001080, data: 'h00000000 }'hfec42703
Get IReqMem { byte_en: 'h0, addr: 'h00001084, data: 'h00000000 }
Get DResp Mem { byte_en: 'h0, addr: 'h00002008, data: 'h00000000 }'hf000fff8
Get DReqMem { byte_en: 'h0, addr: 'h0fffffdc, data: 'h00000000 }
Get IResp Mem { byte_en: 'h0, addr: 'h00001084, data: 'h00000000 }'h00e7a023
Get IReqMem { byte_en: 'h0, addr: 'h00001088, data: 'h00000000 }
Get DResp Mem { byte_en: 'h0, addr: 'h0fffffdc, data: 'h00000000 }'h00000000
Get MMIOReqMem { byte_en: 'hf, addr: 'hf000fff8, data: 'h00000000 }
